{"C:\\Users\\alvarezmg\\Desktop\\educacion\\reactV2\\rest_api_node_server\\src\\router.ts": {"path":"C:\\Users\\alvarezmg\\Desktop\\educacion\\reactV2\\rest_api_node_server\\src\\router.ts","statementMap":{"0":{"start":{"line":1,"column":0},"end":{"line":1,"column":32}},"1":{"start":{"line":2,"column":0},"end":{"line":2,"column":47}},"2":{"start":{"line":3,"column":0},"end":{"line":3,"column":129}},"3":{"start":{"line":4,"column":0},"end":{"line":4,"column":48}},"4":{"start":{"line":6,"column":15},"end":{"line":6,"column":23}},"5":{"start":{"line":10,"column":0},"end":{"line":10,"column":null}},"6":{"start":{"line":11,"column":0},"end":{"line":15,"column":null}},"7":{"start":{"line":17,"column":0},"end":{"line":32,"column":null}},"8":{"start":{"line":27,"column":25},"end":{"line":27,"column":34}},"9":{"start":{"line":34,"column":0},"end":{"line":49,"column":null}},"10":{"start":{"line":42,"column":25},"end":{"line":42,"column":34}},"11":{"start":{"line":51,"column":0},"end":{"line":54,"column":null}},"12":{"start":{"line":56,"column":0},"end":{"line":60,"column":null}},"13":{"start":{"line":62,"column":0},"end":{"line":62,"column":null}}},"fnMap":{"0":{"name":"(anonymous_0)","decl":{"start":{"line":27,"column":16},"end":{"line":27,"column":21}},"loc":{"start":{"line":27,"column":25},"end":{"line":27,"column":34}}},"1":{"name":"(anonymous_1)","decl":{"start":{"line":42,"column":16},"end":{"line":42,"column":21}},"loc":{"start":{"line":42,"column":25},"end":{"line":42,"column":34}}}},"branchMap":{},"s":{"0":2,"1":2,"2":2,"3":2,"4":2,"5":2,"6":2,"7":2,"8":4,"9":2,"10":5,"11":2,"12":2,"13":2},"f":{"0":4,"1":5},"b":{}}
,"C:\\Users\\alvarezmg\\Desktop\\educacion\\reactV2\\rest_api_node_server\\src\\server.ts": {"path":"C:\\Users\\alvarezmg\\Desktop\\educacion\\reactV2\\rest_api_node_server\\src\\server.ts","statementMap":{"0":{"start":{"line":1,"column":0},"end":{"line":1,"column":27}},"1":{"start":{"line":2,"column":0},"end":{"line":2,"column":29}},"2":{"start":{"line":3,"column":0},"end":{"line":3,"column":29}},"3":{"start":{"line":4,"column":0},"end":{"line":4,"column":28}},"4":{"start":{"line":9,"column":4},"end":{"line":16,"column":5}},"5":{"start":{"line":10,"column":8},"end":{"line":10,"column":null}},"6":{"start":{"line":11,"column":8},"end":{"line":11,"column":null}},"7":{"start":{"line":15,"column":8},"end":{"line":15,"column":null}},"8":{"start":{"line":19,"column":0},"end":{"line":19,"column":null}},"9":{"start":{"line":22,"column":15},"end":{"line":22,"column":24}},"10":{"start":{"line":25,"column":0},"end":{"line":25,"column":null}},"11":{"start":{"line":27,"column":0},"end":{"line":27,"column":null}},"12":{"start":{"line":29,"column":0},"end":{"line":31,"column":null}},"13":{"start":{"line":30,"column":4},"end":{"line":30,"column":null}},"14":{"start":{"line":35,"column":0},"end":{"line":35,"column":null}}},"fnMap":{"0":{"name":"connectDB","decl":{"start":{"line":8,"column":15},"end":{"line":8,"column":24}},"loc":{"start":{"line":8,"column":24},"end":{"line":17,"column":1}}},"1":{"name":"(anonymous_2)","decl":{"start":{"line":29,"column":19},"end":{"line":29,"column":20}},"loc":{"start":{"line":29,"column":32},"end":{"line":31,"column":1}}}},"branchMap":{},"s":{"0":2,"1":2,"2":2,"3":2,"4":2,"5":2,"6":1,"7":0,"8":2,"9":2,"10":2,"11":2,"12":2,"13":1,"14":2},"f":{"0":2,"1":1},"b":{}}
,"C:\\Users\\alvarezmg\\Desktop\\educacion\\reactV2\\rest_api_node_server\\src\\config\\db.ts": {"path":"C:\\Users\\alvarezmg\\Desktop\\educacion\\reactV2\\rest_api_node_server\\src\\config\\db.ts","statementMap":{"0":{"start":{"line":1,"column":0},"end":{"line":1,"column":48}},"1":{"start":{"line":2,"column":0},"end":{"line":2,"column":27}},"2":{"start":{"line":3,"column":0},"end":{"line":3,"column":null}},"3":{"start":{"line":6,"column":11},"end":{"line":9,"column":2}},"4":{"start":{"line":11,"column":0},"end":{"line":11,"column":null}}},"fnMap":{},"branchMap":{},"s":{"0":2,"1":2,"2":2,"3":2,"4":2},"f":{},"b":{}}
,"C:\\Users\\alvarezmg\\Desktop\\educacion\\reactV2\\rest_api_node_server\\src\\handlers\\product.ts": {"path":"C:\\Users\\alvarezmg\\Desktop\\educacion\\reactV2\\rest_api_node_server\\src\\handlers\\product.ts","statementMap":{"0":{"start":{"line":2,"column":0},"end":{"line":2,"column":45}},"1":{"start":{"line":4,"column":27},"end":{"line":12,"column":1}},"2":{"start":{"line":6,"column":21},"end":{"line":10,"column":6}},"3":{"start":{"line":11,"column":4},"end":{"line":11,"column":null}},"4":{"start":{"line":4,"column":13},"end":{"line":4,"column":27}},"5":{"start":{"line":14,"column":30},"end":{"line":26,"column":1}},"6":{"start":{"line":16,"column":19},"end":{"line":16,"column":29}},"7":{"start":{"line":17,"column":24},"end":{"line":17,"column":50}},"8":{"start":{"line":19,"column":8},"end":{"line":24,"column":9}},"9":{"start":{"line":21,"column":12},"end":{"line":23,"column":null}},"10":{"start":{"line":25,"column":8},"end":{"line":25,"column":null}},"11":{"start":{"line":14,"column":13},"end":{"line":14,"column":30}},"12":{"start":{"line":28,"column":29},"end":{"line":36,"column":1}},"13":{"start":{"line":30,"column":20},"end":{"line":30,"column":50}},"14":{"start":{"line":31,"column":8},"end":{"line":31,"column":null}},"15":{"start":{"line":28,"column":13},"end":{"line":28,"column":29}},"16":{"start":{"line":38,"column":29},"end":{"line":56,"column":1}},"17":{"start":{"line":40,"column":19},"end":{"line":40,"column":29}},"18":{"start":{"line":41,"column":20},"end":{"line":41,"column":46}},"19":{"start":{"line":43,"column":4},"end":{"line":48,"column":5}},"20":{"start":{"line":45,"column":8},"end":{"line":47,"column":null}},"21":{"start":{"line":52,"column":4},"end":{"line":52,"column":null}},"22":{"start":{"line":53,"column":4},"end":{"line":53,"column":null}},"23":{"start":{"line":55,"column":4},"end":{"line":55,"column":null}},"24":{"start":{"line":38,"column":13},"end":{"line":38,"column":29}},"25":{"start":{"line":58,"column":34},"end":{"line":78,"column":1}},"26":{"start":{"line":60,"column":19},"end":{"line":60,"column":29}},"27":{"start":{"line":61,"column":20},"end":{"line":61,"column":46}},"28":{"start":{"line":63,"column":4},"end":{"line":68,"column":5}},"29":{"start":{"line":65,"column":8},"end":{"line":67,"column":null}},"30":{"start":{"line":72,"column":4},"end":{"line":72,"column":null}},"31":{"start":{"line":73,"column":4},"end":{"line":73,"column":null}},"32":{"start":{"line":77,"column":4},"end":{"line":77,"column":null}},"33":{"start":{"line":58,"column":13},"end":{"line":58,"column":34}},"34":{"start":{"line":80,"column":29},"end":{"line":94,"column":1}},"35":{"start":{"line":82,"column":19},"end":{"line":82,"column":29}},"36":{"start":{"line":83,"column":20},"end":{"line":83,"column":46}},"37":{"start":{"line":85,"column":4},"end":{"line":90,"column":5}},"38":{"start":{"line":87,"column":8},"end":{"line":89,"column":null}},"39":{"start":{"line":92,"column":4},"end":{"line":92,"column":null}},"40":{"start":{"line":93,"column":4},"end":{"line":93,"column":null}},"41":{"start":{"line":80,"column":13},"end":{"line":80,"column":29}}},"fnMap":{"0":{"name":"(anonymous_1)","decl":{"start":{"line":4,"column":27},"end":{"line":4,"column":32}},"loc":{"start":{"line":4,"column":65},"end":{"line":12,"column":1}}},"1":{"name":"(anonymous_2)","decl":{"start":{"line":14,"column":30},"end":{"line":14,"column":35}},"loc":{"start":{"line":14,"column":68},"end":{"line":26,"column":1}}},"2":{"name":"(anonymous_3)","decl":{"start":{"line":28,"column":29},"end":{"line":28,"column":34}},"loc":{"start":{"line":28,"column":67},"end":{"line":36,"column":1}}},"3":{"name":"(anonymous_4)","decl":{"start":{"line":38,"column":29},"end":{"line":38,"column":34}},"loc":{"start":{"line":38,"column":67},"end":{"line":56,"column":1}}},"4":{"name":"(anonymous_5)","decl":{"start":{"line":58,"column":34},"end":{"line":58,"column":39}},"loc":{"start":{"line":58,"column":72},"end":{"line":78,"column":1}}},"5":{"name":"(anonymous_6)","decl":{"start":{"line":80,"column":29},"end":{"line":80,"column":34}},"loc":{"start":{"line":80,"column":67},"end":{"line":94,"column":1}}}},"branchMap":{"0":{"loc":{"start":{"line":19,"column":8},"end":{"line":24,"column":9}},"type":"if","locations":[{"start":{"line":19,"column":8},"end":{"line":24,"column":9}}]},"1":{"loc":{"start":{"line":43,"column":4},"end":{"line":48,"column":5}},"type":"if","locations":[{"start":{"line":43,"column":4},"end":{"line":48,"column":5}}]},"2":{"loc":{"start":{"line":63,"column":4},"end":{"line":68,"column":5}},"type":"if","locations":[{"start":{"line":63,"column":4},"end":{"line":68,"column":5}}]},"3":{"loc":{"start":{"line":85,"column":4},"end":{"line":90,"column":5}},"type":"if","locations":[{"start":{"line":85,"column":4},"end":{"line":90,"column":5}}]}},"s":{"0":2,"1":2,"2":2,"3":2,"4":2,"5":2,"6":2,"7":2,"8":2,"9":1,"10":1,"11":2,"12":2,"13":1,"14":1,"15":2,"16":2,"17":2,"18":2,"19":2,"20":1,"21":1,"22":1,"23":1,"24":2,"25":2,"26":0,"27":0,"28":0,"29":0,"30":0,"31":0,"32":0,"33":2,"34":2,"35":2,"36":2,"37":2,"38":1,"39":1,"40":1,"41":2},"f":{"0":2,"1":2,"2":1,"3":2,"4":0,"5":2},"b":{"0":[1],"1":[1],"2":[0],"3":[1]}}
,"C:\\Users\\alvarezmg\\Desktop\\educacion\\reactV2\\rest_api_node_server\\src\\middleware\\index.ts": {"path":"C:\\Users\\alvarezmg\\Desktop\\educacion\\reactV2\\rest_api_node_server\\src\\middleware\\index.ts","statementMap":{"0":{"start":{"line":2,"column":0},"end":{"line":2,"column":52}},"1":{"start":{"line":5,"column":33},"end":{"line":11,"column":1}},"2":{"start":{"line":6,"column":17},"end":{"line":6,"column":38}},"3":{"start":{"line":7,"column":4},"end":{"line":9,"column":5}},"4":{"start":{"line":8,"column":8},"end":{"line":8,"column":null}},"5":{"start":{"line":10,"column":4},"end":{"line":10,"column":null}},"6":{"start":{"line":5,"column":13},"end":{"line":5,"column":33}}},"fnMap":{"0":{"name":"(anonymous_0)","decl":{"start":{"line":5,"column":33},"end":{"line":5,"column":34}},"loc":{"start":{"line":5,"column":86},"end":{"line":11,"column":1}}}},"branchMap":{"0":{"loc":{"start":{"line":7,"column":4},"end":{"line":9,"column":5}},"type":"if","locations":[{"start":{"line":7,"column":4},"end":{"line":9,"column":5}}]}},"s":{"0":2,"1":2,"2":15,"3":15,"4":8,"5":7,"6":2},"f":{"0":15},"b":{"0":[8]}}
,"C:\\Users\\alvarezmg\\Desktop\\educacion\\reactV2\\rest_api_node_server\\src\\models\\Product.model.ts": {"path":"C:\\Users\\alvarezmg\\Desktop\\educacion\\reactV2\\rest_api_node_server\\src\\models\\Product.model.ts","statementMap":{"0":{"start":{"line":1,"column":0},"end":{"line":1,"column":77}},"1":{"start":{"line":7,"column":0},"end":{"line":23,"column":null}},"2":{"start":{"line":11,"column":12},"end":{"line":11,"column":null}},"3":{"start":{"line":16,"column":12},"end":{"line":16,"column":null}},"4":{"start":{"line":22,"column":12},"end":{"line":22,"column":null}},"5":{"start":{"line":7,"column":6},"end":{"line":23,"column":null}},"6":{"start":{"line":25,"column":0},"end":{"line":25,"column":null}}},"fnMap":{},"branchMap":{},"s":{"0":2,"1":2,"2":2,"3":2,"4":2,"5":2,"6":2},"f":{},"b":{}}
}
